<?xml version="1.0" encoding="UTF-8"?>
<coverage generated="1762153307462" clover="3.2.0">
  <project timestamp="1762153307462" name="All files">
    <metrics statements="117" coveredstatements="98" conditionals="46" coveredconditionals="30" methods="24" coveredmethods="21" elements="187" coveredelements="149" complexity="0" loc="117" ncloc="117" packages="3" files="3" classes="3"/>
    <package name="model">
      <metrics statements="36" coveredstatements="33" conditionals="16" coveredconditionals="13" methods="11" coveredmethods="11"/>
      <file name="SustentacionModel.ts" path="/Users/esedesofiaaa/Documents/UPB TRABAJOS/WEB/Parcial2/parcial2Sofia/src/sustentacion/model/SustentacionModel.ts">
        <metrics statements="36" coveredstatements="33" conditionals="16" coveredconditionals="13" methods="11" coveredmethods="11"/>
        <line num="2" count="2" type="stmt"/>
        <line num="3" count="2" type="stmt"/>
        <line num="5" count="2" type="stmt"/>
        <line num="10" count="55" type="cond" truecount="1" falsecount="1"/>
        <line num="13" count="55" type="stmt"/>
        <line num="14" count="48" type="stmt"/>
        <line num="15" count="48" type="stmt"/>
        <line num="16" count="47" type="stmt"/>
        <line num="18" count="47" type="cond" truecount="3" falsecount="1"/>
        <line num="19" count="0" type="stmt"/>
        <line num="22" count="47" type="stmt"/>
        <line num="24" count="1" type="cond" truecount="1" falsecount="1"/>
        <line num="25" count="1" type="stmt"/>
        <line num="27" count="0" type="stmt"/>
        <line num="31" count="55" type="stmt"/>
        <line num="32" count="10" type="stmt"/>
        <line num="33" count="22" type="stmt"/>
        <line num="34" count="10" type="cond" truecount="2" falsecount="0"/>
        <line num="37" count="55" type="stmt"/>
        <line num="38" count="8" type="stmt"/>
        <line num="39" count="25" type="stmt"/>
        <line num="42" count="55" type="stmt"/>
        <line num="43" count="14" type="stmt"/>
        <line num="44" count="14" type="stmt"/>
        <line num="46" count="14" type="stmt"/>
        <line num="47" count="42" type="cond" truecount="4" falsecount="0"/>
        <line num="50" count="41" type="stmt"/>
        <line num="54" count="55" type="stmt"/>
        <line num="55" count="7" type="stmt"/>
        <line num="56" count="7" type="stmt"/>
        <line num="59" count="19" type="cond" truecount="2" falsecount="0"/>
        <line num="60" count="7" type="stmt"/>
        <line num="66" count="7" type="stmt"/>
        <line num="69" count="7" type="stmt"/>
        <line num="71" count="7" type="stmt"/>
        <line num="73" count="0" type="stmt"/>
      </file>
    </package>
    <package name="router">
      <metrics statements="27" coveredstatements="21" conditionals="4" coveredconditionals="2" methods="5" coveredmethods="3"/>
      <file name="SustentacionRouter.ts" path="/Users/esedesofiaaa/Documents/UPB TRABAJOS/WEB/Parcial2/parcial2Sofia/src/sustentacion/router/SustentacionRouter.ts">
        <metrics statements="27" coveredstatements="21" conditionals="4" coveredconditionals="2" methods="5" coveredmethods="3"/>
        <line num="1" count="1" type="stmt"/>
        <line num="3" count="1" type="stmt"/>
        <line num="4" count="1" type="stmt"/>
        <line num="7" count="1" type="stmt"/>
        <line num="9" count="0" type="stmt"/>
        <line num="12" count="0" type="stmt"/>
        <line num="13" count="0" type="stmt"/>
        <line num="14" count="0" type="stmt"/>
        <line num="15" count="0" type="stmt"/>
        <line num="19" count="1" type="stmt"/>
        <line num="23" count="1" type="stmt"/>
        <line num="24" count="1" type="stmt"/>
        <line num="25" count="1" type="stmt"/>
        <line num="26" count="1" type="cond" truecount="2" falsecount="2"/>
        <line num="27" count="0" type="stmt"/>
        <line num="29" count="1" type="stmt"/>
        <line num="34" count="1" type="stmt"/>
        <line num="37" count="28" type="stmt"/>
        <line num="38" count="28" type="stmt"/>
        <line num="39" count="28" type="stmt"/>
        <line num="42" count="28" type="stmt"/>
        <line num="46" count="28" type="stmt"/>
        <line num="49" count="28" type="stmt"/>
        <line num="52" count="28" type="stmt"/>
        <line num="55" count="28" type="stmt"/>
        <line num="58" count="28" type="stmt"/>
        <line num="61" count="28" type="stmt"/>
      </file>
    </package>
    <package name="view">
      <metrics statements="54" coveredstatements="44" conditionals="26" coveredconditionals="15" methods="8" coveredmethods="7"/>
      <file name="SustentacionView.ts" path="/Users/esedesofiaaa/Documents/UPB TRABAJOS/WEB/Parcial2/parcial2Sofia/src/sustentacion/view/SustentacionView.ts">
        <metrics statements="54" coveredstatements="44" conditionals="26" coveredconditionals="15" methods="8" coveredmethods="7"/>
        <line num="4" count="1" type="stmt"/>
        <line num="5" count="28" type="stmt"/>
        <line num="7" count="28" type="stmt"/>
        <line num="8" count="6" type="stmt"/>
        <line num="9" count="6" type="cond" truecount="2" falsecount="0"/>
        <line num="10" count="6" type="stmt"/>
        <line num="12" count="6" type="stmt"/>
        <line num="15" count="6" type="stmt"/>
        <line num="18" count="6" type="cond" truecount="4" falsecount="0"/>
        <line num="19" count="2" type="stmt"/>
        <line num="26" count="4" type="stmt"/>
        <line num="27" count="4" type="stmt"/>
        <line num="28" count="4" type="stmt"/>
        <line num="30" count="4" type="stmt"/>
        <line num="38" count="0" type="stmt"/>
        <line num="45" count="28" type="stmt"/>
        <line num="46" count="5" type="stmt"/>
        <line num="47" count="5" type="stmt"/>
        <line num="48" count="5" type="stmt"/>
        <line num="50" count="5" type="cond" truecount="2" falsecount="0"/>
        <line num="51" count="2" type="stmt"/>
        <line num="57" count="3" type="stmt"/>
        <line num="59" count="0" type="stmt"/>
        <line num="66" count="28" type="stmt"/>
        <line num="67" count="6" type="stmt"/>
        <line num="68" count="6" type="cond" truecount="2" falsecount="0"/>
        <line num="69" count="6" type="cond" truecount="2" falsecount="0"/>
        <line num="70" count="6" type="stmt"/>
        <line num="72" count="6" type="stmt"/>
        <line num="75" count="6" type="stmt"/>
        <line num="76" count="6" type="stmt"/>
        <line num="77" count="6" type="stmt"/>
        <line num="78" count="6" type="stmt"/>
        <line num="80" count="6" type="stmt"/>
        <line num="88" count="0" type="stmt"/>
        <line num="95" count="28" type="stmt"/>
        <line num="96" count="3" type="stmt"/>
        <line num="97" count="3" type="stmt"/>
        <line num="99" count="3" type="stmt"/>
        <line num="101" count="0" type="stmt"/>
        <line num="108" count="28" type="stmt"/>
        <line num="109" count="3" type="stmt"/>
        <line num="112" count="28" type="stmt"/>
        <line num="113" count="1" type="stmt"/>
        <line num="114" count="1" type="stmt"/>
        <line num="115" count="1" type="stmt"/>
        <line num="118" count="1" type="cond" truecount="1" falsecount="1"/>
        <line num="119" count="1" type="stmt"/>
        <line num="126" count="0" type="cond" truecount="0" falsecount="2"/>
        <line num="127" count="0" type="stmt"/>
        <line num="130" count="0" type="stmt"/>
        <line num="140" count="0" type="stmt"/>
        <line num="142" count="0" type="stmt"/>
        <line num="144" count="0" type="stmt"/>
      </file>
    </package>
  </project>
</coverage>
