<?xml version="1.0" encoding="UTF-8"?>
<coverage generated="1762148376533" clover="3.2.0">
  <project timestamp="1762148376533" name="All files">
    <metrics statements="36" coveredstatements="33" conditionals="16" coveredconditionals="13" methods="11" coveredmethods="11" elements="63" coveredelements="57" complexity="0" loc="36" ncloc="36" packages="1" files="1" classes="1"/>
    <file name="SustentacionModel.ts" path="/Users/esedesofiaaa/Documents/UPB TRABAJOS/WEB/Parcial2/parcial2Sofia/src/sustentacion/model/SustentacionModel.ts">
      <metrics statements="36" coveredstatements="33" conditionals="16" coveredconditionals="13" methods="11" coveredmethods="11"/>
      <line num="2" count="1" type="stmt"/>
      <line num="3" count="1" type="stmt"/>
      <line num="5" count="1" type="stmt"/>
      <line num="10" count="27" type="cond" truecount="1" falsecount="1"/>
      <line num="13" count="27" type="stmt"/>
      <line num="14" count="28" type="stmt"/>
      <line num="15" count="28" type="stmt"/>
      <line num="16" count="27" type="stmt"/>
      <line num="18" count="27" type="cond" truecount="3" falsecount="1"/>
      <line num="19" count="0" type="stmt"/>
      <line num="22" count="27" type="stmt"/>
      <line num="24" count="1" type="cond" truecount="1" falsecount="1"/>
      <line num="25" count="1" type="stmt"/>
      <line num="27" count="0" type="stmt"/>
      <line num="31" count="27" type="stmt"/>
      <line num="32" count="5" type="stmt"/>
      <line num="33" count="12" type="stmt"/>
      <line num="34" count="5" type="cond" truecount="2" falsecount="0"/>
      <line num="37" count="27" type="stmt"/>
      <line num="38" count="5" type="stmt"/>
      <line num="39" count="16" type="stmt"/>
      <line num="42" count="27" type="stmt"/>
      <line num="43" count="8" type="stmt"/>
      <line num="44" count="8" type="stmt"/>
      <line num="46" count="8" type="stmt"/>
      <line num="47" count="24" type="cond" truecount="4" falsecount="0"/>
      <line num="50" count="24" type="stmt"/>
      <line num="54" count="27" type="stmt"/>
      <line num="55" count="7" type="stmt"/>
      <line num="56" count="7" type="stmt"/>
      <line num="59" count="19" type="cond" truecount="2" falsecount="0"/>
      <line num="60" count="7" type="stmt"/>
      <line num="66" count="7" type="stmt"/>
      <line num="69" count="7" type="stmt"/>
      <line num="71" count="7" type="stmt"/>
      <line num="73" count="0" type="stmt"/>
    </file>
  </project>
</coverage>
