{"/Users/esedesofiaaa/Documents/UPB TRABAJOS/WEB/Parcial2/parcial2Sofia/src/sustentacion/model/SustentacionModel.ts": {"path":"/Users/esedesofiaaa/Documents/UPB TRABAJOS/WEB/Parcial2/parcial2Sofia/src/sustentacion/model/SustentacionModel.ts","statementMap":{"0":{"start":{"line":2,"column":0},"end":{"line":2,"column":19}},"1":{"start":{"line":3,"column":0},"end":{"line":3,"column":23}},"2":{"start":{"line":10,"column":4},"end":{"line":10,"column":null}},"3":{"start":{"line":13,"column":33},"end":{"line":29,"column":3}},"4":{"start":{"line":14,"column":4},"end":{"line":28,"column":5}},"5":{"start":{"line":15,"column":26},"end":{"line":15,"column":63}},"6":{"start":{"line":16,"column":19},"end":{"line":16,"column":60}},"7":{"start":{"line":18,"column":6},"end":{"line":20,"column":7}},"8":{"start":{"line":19,"column":8},"end":{"line":19,"column":null}},"9":{"start":{"line":22,"column":6},"end":{"line":22,"column":null}},"10":{"start":{"line":24,"column":6},"end":{"line":26,"column":7}},"11":{"start":{"line":25,"column":8},"end":{"line":25,"column":null}},"12":{"start":{"line":27,"column":6},"end":{"line":27,"column":null}},"13":{"start":{"line":31,"column":35},"end":{"line":35,"column":3}},"14":{"start":{"line":32,"column":17},"end":{"line":32,"column":49}},"15":{"start":{"line":33,"column":25},"end":{"line":33,"column":52}},"16":{"start":{"line":33,"column":40},"end":{"line":33,"column":51}},"17":{"start":{"line":34,"column":4},"end":{"line":34,"column":null}},"18":{"start":{"line":37,"column":29},"end":{"line":40,"column":3}},"19":{"start":{"line":38,"column":17},"end":{"line":38,"column":49}},"20":{"start":{"line":39,"column":4},"end":{"line":39,"column":null}},"21":{"start":{"line":39,"column":28},"end":{"line":39,"column":48}},"22":{"start":{"line":42,"column":34},"end":{"line":52,"column":3}},"23":{"start":{"line":43,"column":17},"end":{"line":43,"column":49}},"24":{"start":{"line":44,"column":23},"end":{"line":44,"column":49}},"25":{"start":{"line":46,"column":4},"end":{"line":51,"column":null}},"26":{"start":{"line":47,"column":6},"end":{"line":50,"column":85}},"27":{"start":{"line":50,"column":39},"end":{"line":50,"column":84}},"28":{"start":{"line":54,"column":31},"end":{"line":75,"column":3}},"29":{"start":{"line":55,"column":4},"end":{"line":74,"column":5}},"30":{"start":{"line":56,"column":19},"end":{"line":56,"column":51}},"31":{"start":{"line":59,"column":20},"end":{"line":59,"column":74}},"32":{"start":{"line":59,"column":64},"end":{"line":59,"column":68}},"33":{"start":{"line":60,"column":46},"end":{"line":63,"column":null}},"34":{"start":{"line":66,"column":6},"end":{"line":66,"column":null}},"35":{"start":{"line":69,"column":6},"end":{"line":69,"column":null}},"36":{"start":{"line":71,"column":6},"end":{"line":71,"column":null}},"37":{"start":{"line":73,"column":6},"end":{"line":73,"column":null}},"38":{"start":{"line":5,"column":0},"end":{"line":5,"column":21}}},"fnMap":{"0":{"name":"(anonymous_1)","decl":{"start":{"line":8,"column":2},"end":{"line":8,"column":14}},"loc":{"start":{"line":8,"column":29},"end":{"line":11,"column":3}}},"1":{"name":"(anonymous_2)","decl":{"start":{"line":13,"column":33},"end":{"line":13,"column":38}},"loc":{"start":{"line":13,"column":69},"end":{"line":29,"column":3}}},"2":{"name":"(anonymous_3)","decl":{"start":{"line":31,"column":35},"end":{"line":31,"column":40}},"loc":{"start":{"line":31,"column":86},"end":{"line":35,"column":3}}},"3":{"name":"(anonymous_4)","decl":{"start":{"line":33,"column":35},"end":{"line":33,"column":36}},"loc":{"start":{"line":33,"column":40},"end":{"line":33,"column":51}}},"4":{"name":"(anonymous_5)","decl":{"start":{"line":37,"column":29},"end":{"line":37,"column":34}},"loc":{"start":{"line":37,"column":65},"end":{"line":40,"column":3}}},"5":{"name":"(anonymous_6)","decl":{"start":{"line":39,"column":23},"end":{"line":39,"column":24}},"loc":{"start":{"line":39,"column":28},"end":{"line":39,"column":48}}},"6":{"name":"(anonymous_7)","decl":{"start":{"line":42,"column":34},"end":{"line":42,"column":39}},"loc":{"start":{"line":42,"column":83},"end":{"line":52,"column":3}}},"7":{"name":"(anonymous_8)","decl":{"start":{"line":46,"column":23},"end":{"line":46,"column":24}},"loc":{"start":{"line":47,"column":6},"end":{"line":50,"column":85}}},"8":{"name":"(anonymous_9)","decl":{"start":{"line":50,"column":25},"end":{"line":50,"column":35}},"loc":{"start":{"line":50,"column":39},"end":{"line":50,"column":84}}},"9":{"name":"(anonymous_10)","decl":{"start":{"line":54,"column":31},"end":{"line":54,"column":36}},"loc":{"start":{"line":54,"column":108},"end":{"line":75,"column":3}}},"10":{"name":"(anonymous_11)","decl":{"start":{"line":59,"column":59},"end":{"line":59,"column":60}},"loc":{"start":{"line":59,"column":64},"end":{"line":59,"column":68}}}},"branchMap":{"0":{"loc":{"start":{"line":10,"column":18},"end":{"line":10,"column":92}},"type":"binary-expr","locations":[{"start":{"line":10,"column":18},"end":{"line":10,"column":24}},{"start":{"line":10,"column":28},"end":{"line":10,"column":92}}]},"1":{"loc":{"start":{"line":18,"column":6},"end":{"line":20,"column":7}},"type":"if","locations":[{"start":{"line":18,"column":6},"end":{"line":20,"column":7}},{"start":{},"end":{}}]},"2":{"loc":{"start":{"line":18,"column":10},"end":{"line":18,"column":39}},"type":"binary-expr","locations":[{"start":{"line":18,"column":10},"end":{"line":18,"column":15}},{"start":{"line":18,"column":19},"end":{"line":18,"column":39}}]},"3":{"loc":{"start":{"line":24,"column":6},"end":{"line":26,"column":7}},"type":"if","locations":[{"start":{"line":24,"column":6},"end":{"line":26,"column":7}},{"start":{},"end":{}}]},"4":{"loc":{"start":{"line":34,"column":11},"end":{"line":34,"column":31}},"type":"binary-expr","locations":[{"start":{"line":34,"column":11},"end":{"line":34,"column":23}},{"start":{"line":34,"column":27},"end":{"line":34,"column":31}}]},"5":{"loc":{"start":{"line":47,"column":6},"end":{"line":50,"column":85}},"type":"binary-expr","locations":[{"start":{"line":47,"column":6},"end":{"line":47,"column":54}},{"start":{"line":48,"column":6},"end":{"line":48,"column":50}},{"start":{"line":49,"column":6},"end":{"line":49,"column":52}},{"start":{"line":50,"column":6},"end":{"line":50,"column":85}}]},"6":{"loc":{"start":{"line":59,"column":20},"end":{"line":59,"column":74}},"type":"cond-expr","locations":[{"start":{"line":59,"column":38},"end":{"line":59,"column":70}},{"start":{"line":59,"column":73},"end":{"line":59,"column":74}}]}},"s":{"0":2,"1":2,"2":55,"3":55,"4":48,"5":48,"6":47,"7":47,"8":0,"9":47,"10":1,"11":1,"12":0,"13":55,"14":10,"15":10,"16":22,"17":10,"18":55,"19":8,"20":8,"21":25,"22":55,"23":14,"24":14,"25":14,"26":42,"27":41,"28":55,"29":7,"30":7,"31":7,"32":19,"33":7,"34":7,"35":7,"36":7,"37":0,"38":2},"f":{"0":55,"1":48,"2":10,"3":22,"4":8,"5":25,"6":14,"7":42,"8":41,"9":7,"10":19},"b":{"0":[55,0],"1":[0,47],"2":[47,47],"3":[1,0],"4":[10,5],"5":[42,30,24,23],"6":[6,1]}}
,"/Users/esedesofiaaa/Documents/UPB TRABAJOS/WEB/Parcial2/parcial2Sofia/src/sustentacion/router/SustentacionRouter.ts": {"path":"/Users/esedesofiaaa/Documents/UPB TRABAJOS/WEB/Parcial2/parcial2Sofia/src/sustentacion/router/SustentacionRouter.ts","statementMap":{"0":{"start":{"line":1,"column":0},"end":{"line":1,"column":32}},"1":{"start":{"line":3,"column":0},"end":{"line":3,"column":27}},"2":{"start":{"line":4,"column":0},"end":{"line":4,"column":23}},"3":{"start":{"line":7,"column":16},"end":{"line":17,"column":2}},"4":{"start":{"line":9,"column":4},"end":{"line":9,"column":null}},"5":{"start":{"line":12,"column":25},"end":{"line":12,"column":75}},"6":{"start":{"line":13,"column":16},"end":{"line":13,"column":47}},"7":{"start":{"line":14,"column":27},"end":{"line":14,"column":64}},"8":{"start":{"line":15,"column":4},"end":{"line":15,"column":null}},"9":{"start":{"line":19,"column":15},"end":{"line":32,"column":2}},"10":{"start":{"line":23,"column":25},"end":{"line":23,"column":48}},"11":{"start":{"line":24,"column":16},"end":{"line":24,"column":80}},"12":{"start":{"line":25,"column":17},"end":{"line":25,"column":49}},"13":{"start":{"line":26,"column":4},"end":{"line":30,"column":5}},"14":{"start":{"line":27,"column":6},"end":{"line":27,"column":null}},"15":{"start":{"line":29,"column":6},"end":{"line":29,"column":null}},"16":{"start":{"line":37,"column":31},"end":{"line":37,"column":65}},"17":{"start":{"line":38,"column":4},"end":{"line":38,"column":null}},"18":{"start":{"line":39,"column":4},"end":{"line":39,"column":null}},"19":{"start":{"line":42,"column":20},"end":{"line":62,"column":3}},"20":{"start":{"line":46,"column":4},"end":{"line":46,"column":null}},"21":{"start":{"line":49,"column":4},"end":{"line":49,"column":null}},"22":{"start":{"line":52,"column":4},"end":{"line":52,"column":null}},"23":{"start":{"line":55,"column":4},"end":{"line":55,"column":null}},"24":{"start":{"line":58,"column":4},"end":{"line":58,"column":null}},"25":{"start":{"line":61,"column":4},"end":{"line":61,"column":null}},"26":{"start":{"line":34,"column":0},"end":{"line":34,"column":21}}},"fnMap":{"0":{"name":"(anonymous_1)","decl":{"start":{"line":8,"column":15},"end":{"line":8,"column":16}},"loc":{"start":{"line":8,"column":35},"end":{"line":10,"column":3}}},"1":{"name":"(anonymous_2)","decl":{"start":{"line":11,"column":12},"end":{"line":11,"column":13}},"loc":{"start":{"line":11,"column":31},"end":{"line":16,"column":3}}},"2":{"name":"(anonymous_3)","decl":{"start":{"line":22,"column":14},"end":{"line":22,"column":15}},"loc":{"start":{"line":22,"column":33},"end":{"line":31,"column":3}}},"3":{"name":"(anonymous_4)","decl":{"start":{"line":37,"column":2},"end":{"line":37,"column":31}},"loc":{"start":{"line":37,"column":65},"end":{"line":40,"column":3}}},"4":{"name":"(anonymous_5)","decl":{"start":{"line":42,"column":20},"end":{"line":42,"column":23}},"loc":{"start":{"line":42,"column":25},"end":{"line":62,"column":3}}}},"branchMap":{"0":{"loc":{"start":{"line":26,"column":4},"end":{"line":30,"column":5}},"type":"if","locations":[{"start":{"line":26,"column":4},"end":{"line":30,"column":5}},{"start":{"line":28,"column":11},"end":{"line":30,"column":5}}]},"1":{"loc":{"start":{"line":26,"column":8},"end":{"line":26,"column":19}},"type":"binary-expr","locations":[{"start":{"line":26,"column":8},"end":{"line":26,"column":11}},{"start":{"line":26,"column":15},"end":{"line":26,"column":19}}]}},"s":{"0":1,"1":1,"2":1,"3":1,"4":0,"5":0,"6":0,"7":0,"8":0,"9":1,"10":1,"11":1,"12":1,"13":1,"14":0,"15":1,"16":28,"17":28,"18":28,"19":28,"20":28,"21":28,"22":28,"23":28,"24":28,"25":28,"26":1},"f":{"0":0,"1":0,"2":1,"3":28,"4":28},"b":{"0":[0,1],"1":[1,0]}}
,"/Users/esedesofiaaa/Documents/UPB TRABAJOS/WEB/Parcial2/parcial2Sofia/src/sustentacion/view/SustentacionView.ts": {"path":"/Users/esedesofiaaa/Documents/UPB TRABAJOS/WEB/Parcial2/parcial2Sofia/src/sustentacion/view/SustentacionView.ts","statementMap":{"0":{"start":{"line":5,"column":31},"end":{"line":5,"column":67}},"1":{"start":{"line":7,"column":34},"end":{"line":43,"column":3}},"2":{"start":{"line":8,"column":4},"end":{"line":42,"column":5}},"3":{"start":{"line":9,"column":19},"end":{"line":9,"column":61}},"4":{"start":{"line":10,"column":27},"end":{"line":10,"column":28}},"5":{"start":{"line":12,"column":32},"end":{"line":12,"column":82}},"6":{"start":{"line":15,"column":25},"end":{"line":15,"column":75}},"7":{"start":{"line":18,"column":6},"end":{"line":23,"column":7}},"8":{"start":{"line":19,"column":8},"end":{"line":22,"column":null}},"9":{"start":{"line":26,"column":25},"end":{"line":26,"column":50}},"10":{"start":{"line":27,"column":23},"end":{"line":27,"column":48}},"11":{"start":{"line":28,"column":29},"end":{"line":28,"column":74}},"12":{"start":{"line":30,"column":6},"end":{"line":36,"column":null}},"13":{"start":{"line":38,"column":6},"end":{"line":41,"column":null}},"14":{"start":{"line":45,"column":33},"end":{"line":64,"column":3}},"15":{"start":{"line":46,"column":4},"end":{"line":63,"column":5}},"16":{"start":{"line":47,"column":17},"end":{"line":47,"column":53}},"17":{"start":{"line":48,"column":27},"end":{"line":48,"column":81}},"18":{"start":{"line":50,"column":6},"end":{"line":55,"column":7}},"19":{"start":{"line":51,"column":8},"end":{"line":54,"column":null}},"20":{"start":{"line":57,"column":6},"end":{"line":57,"column":null}},"21":{"start":{"line":59,"column":6},"end":{"line":62,"column":null}},"22":{"start":{"line":66,"column":34},"end":{"line":93,"column":3}},"23":{"start":{"line":67,"column":4},"end":{"line":92,"column":5}},"24":{"start":{"line":68,"column":20},"end":{"line":68,"column":40}},"25":{"start":{"line":69,"column":19},"end":{"line":69,"column":57}},"26":{"start":{"line":70,"column":27},"end":{"line":70,"column":28}},"27":{"start":{"line":72,"column":28},"end":{"line":72,"column":84}},"28":{"start":{"line":75,"column":25},"end":{"line":75,"column":50}},"29":{"start":{"line":76,"column":23},"end":{"line":76,"column":48}},"30":{"start":{"line":77,"column":29},"end":{"line":77,"column":70}},"31":{"start":{"line":78,"column":25},"end":{"line":78,"column":71}},"32":{"start":{"line":80,"column":6},"end":{"line":86,"column":null}},"33":{"start":{"line":88,"column":6},"end":{"line":91,"column":null}},"34":{"start":{"line":95,"column":27},"end":{"line":106,"column":3}},"35":{"start":{"line":96,"column":4},"end":{"line":105,"column":5}},"36":{"start":{"line":97,"column":25},"end":{"line":97,"column":71}},"37":{"start":{"line":99,"column":6},"end":{"line":99,"column":null}},"38":{"start":{"line":101,"column":6},"end":{"line":104,"column":null}},"39":{"start":{"line":108,"column":29},"end":{"line":110,"column":3}},"40":{"start":{"line":109,"column":4},"end":{"line":109,"column":null}},"41":{"start":{"line":112,"column":35},"end":{"line":149,"column":3}},"42":{"start":{"line":113,"column":4},"end":{"line":148,"column":5}},"43":{"start":{"line":114,"column":87},"end":{"line":114,"column":95}},"44":{"start":{"line":115,"column":19},"end":{"line":115,"column":27}},"45":{"start":{"line":118,"column":6},"end":{"line":123,"column":7}},"46":{"start":{"line":119,"column":8},"end":{"line":122,"column":null}},"47":{"start":{"line":126,"column":31},"end":{"line":128,"column":21}},"48":{"start":{"line":127,"column":42},"end":{"line":127,"column":50}},"49":{"start":{"line":130,"column":32},"end":{"line":138,"column":null}},"50":{"start":{"line":140,"column":6},"end":{"line":140,"column":null}},"51":{"start":{"line":142,"column":6},"end":{"line":142,"column":null}},"52":{"start":{"line":144,"column":6},"end":{"line":147,"column":null}},"53":{"start":{"line":4,"column":0},"end":{"line":4,"column":21}}},"fnMap":{"0":{"name":"(anonymous_0)","decl":{"start":{"line":5,"column":2},"end":{"line":5,"column":31}},"loc":{"start":{"line":5,"column":67},"end":{"line":5,"column":71}}},"1":{"name":"(anonymous_1)","decl":{"start":{"line":7,"column":34},"end":{"line":7,"column":39}},"loc":{"start":{"line":7,"column":72},"end":{"line":43,"column":3}}},"2":{"name":"(anonymous_2)","decl":{"start":{"line":45,"column":33},"end":{"line":45,"column":38}},"loc":{"start":{"line":45,"column":71},"end":{"line":64,"column":3}}},"3":{"name":"(anonymous_3)","decl":{"start":{"line":66,"column":34},"end":{"line":66,"column":39}},"loc":{"start":{"line":66,"column":72},"end":{"line":93,"column":3}}},"4":{"name":"(anonymous_4)","decl":{"start":{"line":95,"column":27},"end":{"line":95,"column":32}},"loc":{"start":{"line":95,"column":66},"end":{"line":106,"column":3}}},"5":{"name":"(anonymous_5)","decl":{"start":{"line":108,"column":29},"end":{"line":108,"column":34}},"loc":{"start":{"line":108,"column":68},"end":{"line":110,"column":3}}},"6":{"name":"(anonymous_6)","decl":{"start":{"line":112,"column":35},"end":{"line":112,"column":40}},"loc":{"start":{"line":112,"column":73},"end":{"line":149,"column":3}}},"7":{"name":"(anonymous_7)","decl":{"start":{"line":127,"column":37},"end":{"line":127,"column":38}},"loc":{"start":{"line":127,"column":42},"end":{"line":127,"column":50}}}},"branchMap":{"0":{"loc":{"start":{"line":9,"column":19},"end":{"line":9,"column":61}},"type":"binary-expr","locations":[{"start":{"line":9,"column":19},"end":{"line":9,"column":56}},{"start":{"line":9,"column":60},"end":{"line":9,"column":61}}]},"1":{"loc":{"start":{"line":18,"column":6},"end":{"line":23,"column":7}},"type":"if","locations":[{"start":{"line":18,"column":6},"end":{"line":23,"column":7}},{"start":{},"end":{}}]},"2":{"loc":{"start":{"line":18,"column":10},"end":{"line":18,"column":39}},"type":"binary-expr","locations":[{"start":{"line":18,"column":10},"end":{"line":18,"column":18}},{"start":{"line":18,"column":22},"end":{"line":18,"column":39}}]},"3":{"loc":{"start":{"line":20,"column":81},"end":{"line":20,"column":108}},"type":"cond-expr","locations":[{"start":{"line":20,"column":100},"end":{"line":20,"column":103}},{"start":{"line":20,"column":106},"end":{"line":20,"column":108}}]},"4":{"loc":{"start":{"line":20,"column":122},"end":{"line":20,"column":149}},"type":"cond-expr","locations":[{"start":{"line":20,"column":141},"end":{"line":20,"column":144}},{"start":{"line":20,"column":147},"end":{"line":20,"column":149}}]},"5":{"loc":{"start":{"line":50,"column":6},"end":{"line":55,"column":7}},"type":"if","locations":[{"start":{"line":50,"column":6},"end":{"line":55,"column":7}},{"start":{},"end":{}}]},"6":{"loc":{"start":{"line":68,"column":20},"end":{"line":68,"column":40}},"type":"binary-expr","locations":[{"start":{"line":68,"column":20},"end":{"line":68,"column":34}},{"start":{"line":68,"column":38},"end":{"line":68,"column":40}}]},"7":{"loc":{"start":{"line":69,"column":19},"end":{"line":69,"column":57}},"type":"binary-expr","locations":[{"start":{"line":69,"column":19},"end":{"line":69,"column":52}},{"start":{"line":69,"column":56},"end":{"line":69,"column":57}}]},"8":{"loc":{"start":{"line":118,"column":6},"end":{"line":123,"column":7}},"type":"if","locations":[{"start":{"line":118,"column":6},"end":{"line":123,"column":7}},{"start":{},"end":{}}]},"9":{"loc":{"start":{"line":126,"column":31},"end":{"line":128,"column":21}},"type":"cond-expr","locations":[{"start":{"line":127,"column":10},"end":{"line":127,"column":51}},{"start":{"line":128,"column":10},"end":{"line":128,"column":21}}]},"10":{"loc":{"start":{"line":135,"column":21},"end":{"line":135,"column":38}},"type":"binary-expr","locations":[{"start":{"line":135,"column":21},"end":{"line":135,"column":32}},{"start":{"line":135,"column":36},"end":{"line":135,"column":38}}]},"11":{"loc":{"start":{"line":136,"column":19},"end":{"line":136,"column":34}},"type":"binary-expr","locations":[{"start":{"line":136,"column":19},"end":{"line":136,"column":28}},{"start":{"line":136,"column":32},"end":{"line":136,"column":34}}]},"12":{"loc":{"start":{"line":137,"column":19},"end":{"line":137,"column":61}},"type":"binary-expr","locations":[{"start":{"line":137,"column":19},"end":{"line":137,"column":39}},{"start":{"line":137,"column":43},"end":{"line":137,"column":61}}]}},"s":{"0":28,"1":28,"2":6,"3":6,"4":6,"5":6,"6":6,"7":6,"8":2,"9":4,"10":4,"11":4,"12":4,"13":0,"14":28,"15":5,"16":5,"17":5,"18":5,"19":2,"20":3,"21":0,"22":28,"23":6,"24":6,"25":6,"26":6,"27":6,"28":6,"29":6,"30":6,"31":6,"32":6,"33":0,"34":28,"35":3,"36":3,"37":3,"38":0,"39":28,"40":3,"41":28,"42":1,"43":1,"44":1,"45":1,"46":1,"47":0,"48":0,"49":0,"50":0,"51":0,"52":0,"53":1},"f":{"0":28,"1":6,"2":5,"3":6,"4":3,"5":3,"6":1,"7":0},"b":{"0":[6,3],"1":[2,4],"2":[6,5],"3":[0,2],"4":[0,2],"5":[2,3],"6":[6,1],"7":[6,6],"8":[1,0],"9":[0,0],"10":[0,0],"11":[0,0],"12":[0,0]}}
}
