{"/Users/esedesofiaaa/Documents/UPB TRABAJOS/WEB/Parcial2/parcial2Sofia/src/sustentacion/model/SustentacionModel.ts": {"path":"/Users/esedesofiaaa/Documents/UPB TRABAJOS/WEB/Parcial2/parcial2Sofia/src/sustentacion/model/SustentacionModel.ts","statementMap":{"0":{"start":{"line":2,"column":0},"end":{"line":2,"column":19}},"1":{"start":{"line":3,"column":0},"end":{"line":3,"column":23}},"2":{"start":{"line":10,"column":4},"end":{"line":10,"column":null}},"3":{"start":{"line":13,"column":33},"end":{"line":29,"column":3}},"4":{"start":{"line":14,"column":4},"end":{"line":28,"column":5}},"5":{"start":{"line":15,"column":26},"end":{"line":15,"column":63}},"6":{"start":{"line":16,"column":19},"end":{"line":16,"column":60}},"7":{"start":{"line":18,"column":6},"end":{"line":20,"column":7}},"8":{"start":{"line":19,"column":8},"end":{"line":19,"column":null}},"9":{"start":{"line":22,"column":6},"end":{"line":22,"column":null}},"10":{"start":{"line":24,"column":6},"end":{"line":26,"column":7}},"11":{"start":{"line":25,"column":8},"end":{"line":25,"column":null}},"12":{"start":{"line":27,"column":6},"end":{"line":27,"column":null}},"13":{"start":{"line":31,"column":35},"end":{"line":35,"column":3}},"14":{"start":{"line":32,"column":17},"end":{"line":32,"column":49}},"15":{"start":{"line":33,"column":25},"end":{"line":33,"column":52}},"16":{"start":{"line":33,"column":40},"end":{"line":33,"column":51}},"17":{"start":{"line":34,"column":4},"end":{"line":34,"column":null}},"18":{"start":{"line":37,"column":29},"end":{"line":40,"column":3}},"19":{"start":{"line":38,"column":17},"end":{"line":38,"column":49}},"20":{"start":{"line":39,"column":4},"end":{"line":39,"column":null}},"21":{"start":{"line":39,"column":28},"end":{"line":39,"column":48}},"22":{"start":{"line":42,"column":34},"end":{"line":52,"column":3}},"23":{"start":{"line":43,"column":17},"end":{"line":43,"column":49}},"24":{"start":{"line":44,"column":23},"end":{"line":44,"column":49}},"25":{"start":{"line":46,"column":4},"end":{"line":51,"column":null}},"26":{"start":{"line":47,"column":6},"end":{"line":50,"column":85}},"27":{"start":{"line":50,"column":39},"end":{"line":50,"column":84}},"28":{"start":{"line":54,"column":31},"end":{"line":75,"column":3}},"29":{"start":{"line":55,"column":4},"end":{"line":74,"column":5}},"30":{"start":{"line":56,"column":19},"end":{"line":56,"column":51}},"31":{"start":{"line":59,"column":20},"end":{"line":59,"column":74}},"32":{"start":{"line":59,"column":64},"end":{"line":59,"column":68}},"33":{"start":{"line":60,"column":46},"end":{"line":63,"column":null}},"34":{"start":{"line":66,"column":6},"end":{"line":66,"column":null}},"35":{"start":{"line":69,"column":6},"end":{"line":69,"column":null}},"36":{"start":{"line":71,"column":6},"end":{"line":71,"column":null}},"37":{"start":{"line":73,"column":6},"end":{"line":73,"column":null}},"38":{"start":{"line":5,"column":0},"end":{"line":5,"column":21}}},"fnMap":{"0":{"name":"(anonymous_1)","decl":{"start":{"line":8,"column":2},"end":{"line":8,"column":14}},"loc":{"start":{"line":8,"column":29},"end":{"line":11,"column":3}}},"1":{"name":"(anonymous_2)","decl":{"start":{"line":13,"column":33},"end":{"line":13,"column":38}},"loc":{"start":{"line":13,"column":69},"end":{"line":29,"column":3}}},"2":{"name":"(anonymous_3)","decl":{"start":{"line":31,"column":35},"end":{"line":31,"column":40}},"loc":{"start":{"line":31,"column":86},"end":{"line":35,"column":3}}},"3":{"name":"(anonymous_4)","decl":{"start":{"line":33,"column":35},"end":{"line":33,"column":36}},"loc":{"start":{"line":33,"column":40},"end":{"line":33,"column":51}}},"4":{"name":"(anonymous_5)","decl":{"start":{"line":37,"column":29},"end":{"line":37,"column":34}},"loc":{"start":{"line":37,"column":65},"end":{"line":40,"column":3}}},"5":{"name":"(anonymous_6)","decl":{"start":{"line":39,"column":23},"end":{"line":39,"column":24}},"loc":{"start":{"line":39,"column":28},"end":{"line":39,"column":48}}},"6":{"name":"(anonymous_7)","decl":{"start":{"line":42,"column":34},"end":{"line":42,"column":39}},"loc":{"start":{"line":42,"column":83},"end":{"line":52,"column":3}}},"7":{"name":"(anonymous_8)","decl":{"start":{"line":46,"column":23},"end":{"line":46,"column":24}},"loc":{"start":{"line":47,"column":6},"end":{"line":50,"column":85}}},"8":{"name":"(anonymous_9)","decl":{"start":{"line":50,"column":25},"end":{"line":50,"column":35}},"loc":{"start":{"line":50,"column":39},"end":{"line":50,"column":84}}},"9":{"name":"(anonymous_10)","decl":{"start":{"line":54,"column":31},"end":{"line":54,"column":36}},"loc":{"start":{"line":54,"column":108},"end":{"line":75,"column":3}}},"10":{"name":"(anonymous_11)","decl":{"start":{"line":59,"column":59},"end":{"line":59,"column":60}},"loc":{"start":{"line":59,"column":64},"end":{"line":59,"column":68}}}},"branchMap":{"0":{"loc":{"start":{"line":10,"column":18},"end":{"line":10,"column":92}},"type":"binary-expr","locations":[{"start":{"line":10,"column":18},"end":{"line":10,"column":24}},{"start":{"line":10,"column":28},"end":{"line":10,"column":92}}]},"1":{"loc":{"start":{"line":18,"column":6},"end":{"line":20,"column":7}},"type":"if","locations":[{"start":{"line":18,"column":6},"end":{"line":20,"column":7}},{"start":{},"end":{}}]},"2":{"loc":{"start":{"line":18,"column":10},"end":{"line":18,"column":39}},"type":"binary-expr","locations":[{"start":{"line":18,"column":10},"end":{"line":18,"column":15}},{"start":{"line":18,"column":19},"end":{"line":18,"column":39}}]},"3":{"loc":{"start":{"line":24,"column":6},"end":{"line":26,"column":7}},"type":"if","locations":[{"start":{"line":24,"column":6},"end":{"line":26,"column":7}},{"start":{},"end":{}}]},"4":{"loc":{"start":{"line":34,"column":11},"end":{"line":34,"column":31}},"type":"binary-expr","locations":[{"start":{"line":34,"column":11},"end":{"line":34,"column":23}},{"start":{"line":34,"column":27},"end":{"line":34,"column":31}}]},"5":{"loc":{"start":{"line":47,"column":6},"end":{"line":50,"column":85}},"type":"binary-expr","locations":[{"start":{"line":47,"column":6},"end":{"line":47,"column":54}},{"start":{"line":48,"column":6},"end":{"line":48,"column":50}},{"start":{"line":49,"column":6},"end":{"line":49,"column":52}},{"start":{"line":50,"column":6},"end":{"line":50,"column":85}}]},"6":{"loc":{"start":{"line":59,"column":20},"end":{"line":59,"column":74}},"type":"cond-expr","locations":[{"start":{"line":59,"column":38},"end":{"line":59,"column":70}},{"start":{"line":59,"column":73},"end":{"line":59,"column":74}}]}},"s":{"0":1,"1":1,"2":27,"3":27,"4":28,"5":28,"6":27,"7":27,"8":0,"9":27,"10":1,"11":1,"12":0,"13":27,"14":5,"15":5,"16":12,"17":5,"18":27,"19":5,"20":5,"21":16,"22":27,"23":8,"24":8,"25":8,"26":24,"27":24,"28":27,"29":7,"30":7,"31":7,"32":19,"33":7,"34":7,"35":7,"36":7,"37":0,"38":1},"f":{"0":27,"1":28,"2":5,"3":12,"4":5,"5":16,"6":8,"7":24,"8":24,"9":7,"10":19},"b":{"0":[27,0],"1":[0,27],"2":[27,27],"3":[1,0],"4":[5,3],"5":[24,18,15,14],"6":[6,1]}}
}
