TN:
SF:src/sustentacion/model/SustentacionModel.ts
FN:8,(anonymous_1)
FN:13,(anonymous_2)
FN:31,(anonymous_3)
FN:33,(anonymous_4)
FN:37,(anonymous_5)
FN:39,(anonymous_6)
FN:42,(anonymous_7)
FN:46,(anonymous_8)
FN:50,(anonymous_9)
FN:54,(anonymous_10)
FN:59,(anonymous_11)
FNF:11
FNH:11
FNDA:55,(anonymous_1)
FNDA:48,(anonymous_2)
FNDA:10,(anonymous_3)
FNDA:22,(anonymous_4)
FNDA:8,(anonymous_5)
FNDA:25,(anonymous_6)
FNDA:14,(anonymous_7)
FNDA:42,(anonymous_8)
FNDA:41,(anonymous_9)
FNDA:7,(anonymous_10)
FNDA:19,(anonymous_11)
DA:2,2
DA:3,2
DA:5,2
DA:10,55
DA:13,55
DA:14,48
DA:15,48
DA:16,47
DA:18,47
DA:19,0
DA:22,47
DA:24,1
DA:25,1
DA:27,0
DA:31,55
DA:32,10
DA:33,22
DA:34,10
DA:37,55
DA:38,8
DA:39,25
DA:42,55
DA:43,14
DA:44,14
DA:46,14
DA:47,42
DA:50,41
DA:54,55
DA:55,7
DA:56,7
DA:59,19
DA:60,7
DA:66,7
DA:69,7
DA:71,7
DA:73,0
LF:36
LH:33
BRDA:10,0,0,55
BRDA:10,0,1,0
BRDA:18,1,0,0
BRDA:18,1,1,47
BRDA:18,2,0,47
BRDA:18,2,1,47
BRDA:24,3,0,1
BRDA:24,3,1,0
BRDA:34,4,0,10
BRDA:34,4,1,5
BRDA:47,5,0,42
BRDA:47,5,1,30
BRDA:47,5,2,24
BRDA:47,5,3,23
BRDA:59,6,0,6
BRDA:59,6,1,1
BRF:16
BRH:13
end_of_record
TN:
SF:src/sustentacion/router/SustentacionRouter.ts
FN:8,(anonymous_1)
FN:11,(anonymous_2)
FN:22,(anonymous_3)
FN:37,(anonymous_4)
FN:42,(anonymous_5)
FNF:5
FNH:3
FNDA:0,(anonymous_1)
FNDA:0,(anonymous_2)
FNDA:1,(anonymous_3)
FNDA:28,(anonymous_4)
FNDA:28,(anonymous_5)
DA:1,1
DA:3,1
DA:4,1
DA:7,1
DA:9,0
DA:12,0
DA:13,0
DA:14,0
DA:15,0
DA:19,1
DA:23,1
DA:24,1
DA:25,1
DA:26,1
DA:27,0
DA:29,1
DA:34,1
DA:37,28
DA:38,28
DA:39,28
DA:42,28
DA:46,28
DA:49,28
DA:52,28
DA:55,28
DA:58,28
DA:61,28
LF:27
LH:21
BRDA:26,0,0,0
BRDA:26,0,1,1
BRDA:26,1,0,1
BRDA:26,1,1,0
BRF:4
BRH:2
end_of_record
TN:
SF:src/sustentacion/view/SustentacionView.ts
FN:5,(anonymous_0)
FN:7,(anonymous_1)
FN:45,(anonymous_2)
FN:66,(anonymous_3)
FN:95,(anonymous_4)
FN:108,(anonymous_5)
FN:112,(anonymous_6)
FN:127,(anonymous_7)
FNF:8
FNH:7
FNDA:28,(anonymous_0)
FNDA:6,(anonymous_1)
FNDA:5,(anonymous_2)
FNDA:6,(anonymous_3)
FNDA:3,(anonymous_4)
FNDA:3,(anonymous_5)
FNDA:1,(anonymous_6)
FNDA:0,(anonymous_7)
DA:4,1
DA:5,28
DA:7,28
DA:8,6
DA:9,6
DA:10,6
DA:12,6
DA:15,6
DA:18,6
DA:19,2
DA:26,4
DA:27,4
DA:28,4
DA:30,4
DA:38,0
DA:45,28
DA:46,5
DA:47,5
DA:48,5
DA:50,5
DA:51,2
DA:57,3
DA:59,0
DA:66,28
DA:67,6
DA:68,6
DA:69,6
DA:70,6
DA:72,6
DA:75,6
DA:76,6
DA:77,6
DA:78,6
DA:80,6
DA:88,0
DA:95,28
DA:96,3
DA:97,3
DA:99,3
DA:101,0
DA:108,28
DA:109,3
DA:112,28
DA:113,1
DA:114,1
DA:115,1
DA:118,1
DA:119,1
DA:126,0
DA:127,0
DA:130,0
DA:140,0
DA:142,0
DA:144,0
LF:54
LH:44
BRDA:9,0,0,6
BRDA:9,0,1,3
BRDA:18,1,0,2
BRDA:18,1,1,4
BRDA:18,2,0,6
BRDA:18,2,1,5
BRDA:20,3,0,0
BRDA:20,3,1,2
BRDA:20,4,0,0
BRDA:20,4,1,2
BRDA:50,5,0,2
BRDA:50,5,1,3
BRDA:68,6,0,6
BRDA:68,6,1,1
BRDA:69,7,0,6
BRDA:69,7,1,6
BRDA:118,8,0,1
BRDA:118,8,1,0
BRDA:126,9,0,0
BRDA:126,9,1,0
BRDA:135,10,0,0
BRDA:135,10,1,0
BRDA:136,11,0,0
BRDA:136,11,1,0
BRDA:137,12,0,0
BRDA:137,12,1,0
BRF:26
BRH:15
end_of_record
