TN:
SF:src/sustentacion/model/SustentacionModel.ts
FN:8,(anonymous_1)
FN:13,(anonymous_2)
FN:31,(anonymous_3)
FN:33,(anonymous_4)
FN:37,(anonymous_5)
FN:39,(anonymous_6)
FN:42,(anonymous_7)
FN:46,(anonymous_8)
FN:50,(anonymous_9)
FN:54,(anonymous_10)
FN:59,(anonymous_11)
FNF:11
FNH:11
FNDA:27,(anonymous_1)
FNDA:28,(anonymous_2)
FNDA:5,(anonymous_3)
FNDA:12,(anonymous_4)
FNDA:5,(anonymous_5)
FNDA:16,(anonymous_6)
FNDA:8,(anonymous_7)
FNDA:24,(anonymous_8)
FNDA:24,(anonymous_9)
FNDA:7,(anonymous_10)
FNDA:19,(anonymous_11)
DA:2,1
DA:3,1
DA:5,1
DA:10,27
DA:13,27
DA:14,28
DA:15,28
DA:16,27
DA:18,27
DA:19,0
DA:22,27
DA:24,1
DA:25,1
DA:27,0
DA:31,27
DA:32,5
DA:33,12
DA:34,5
DA:37,27
DA:38,5
DA:39,16
DA:42,27
DA:43,8
DA:44,8
DA:46,8
DA:47,24
DA:50,24
DA:54,27
DA:55,7
DA:56,7
DA:59,19
DA:60,7
DA:66,7
DA:69,7
DA:71,7
DA:73,0
LF:36
LH:33
BRDA:10,0,0,27
BRDA:10,0,1,0
BRDA:18,1,0,0
BRDA:18,1,1,27
BRDA:18,2,0,27
BRDA:18,2,1,27
BRDA:24,3,0,1
BRDA:24,3,1,0
BRDA:34,4,0,5
BRDA:34,4,1,3
BRDA:47,5,0,24
BRDA:47,5,1,18
BRDA:47,5,2,15
BRDA:47,5,3,14
BRDA:59,6,0,6
BRDA:59,6,1,1
BRF:16
BRH:13
end_of_record
